{"uid":"73a19855a948a7a7","name":"Login failure with invalid password","historyId":"Login functionality - Rahul Shetty Academy:Login functionality - Rahul Shetty Academy#Login failure with invalid password","time":{"duration":20683},"status":"failed","statusMessage":"Then I should see an error message","statusTrace":"Given I open the login page\nWhen I enter username \"rahulshettyacademy\"\nAnd I enter password \"wrongPassword\"\nAnd I click on the sign in button\nThen I should see an error message\n\nTraceback (most recent call last):\n  File \"C:\\Users\\nagar\\gitworkspace\\selenium_radish_bdd_frameworks\\.venv\\Lib\\site-packages\\radish\\stepmodel.py\", line 118, in run\n    self.definition_func(self, *args)  # pylint: disable=not-callable\n    ~~~~~~~~~~~~~~~~~~~~^^^^^^^^^^^^^\n  File \"C:\\Users\\nagar\\gitworkspace\\selenium_radish_bdd_frameworks/radish\\steps\\login\\login_steps.py\", line 42, in step_see_error_message\n    assert step.context.login_page.is_error_message_displayed(), \"Error message not displayed!\"\n           ~~~~~~~~~~~~~~~~~~~~~~~~~~~~~~~~~~~~~~~~~~~~~~~~~~^^\nAssertionError: Error message not displayed!\n","flaky":false,"newFailed":false,"newBroken":false,"newPassed":false,"retriesCount":0,"retriesStatusChange":false,"beforeStages":[],"testStage":{"steps":[],"attachments":[],"parameters":[],"shouldDisplayMessage":false,"stepsCount":0,"attachmentsCount":0,"hasContent":false,"attachmentStep":false},"afterStages":[],"labels":[{"name":"resultFormat","value":"junit"},{"name":"suite","value":"Login functionality - Rahul Shetty Academy"},{"name":"testClass","value":"Login functionality - Rahul Shetty Academy"},{"name":"package","value":"Login functionality - Rahul Shetty Academy"}],"parameters":[],"links":[],"hidden":false,"retry":false,"extra":{"severity":"normal","retries":[],"categories":[{"name":"Product defects","matchedStatuses":[]}],"tags":[]},"source":"73a19855a948a7a7.json","parameterValues":[]}